<?xml version="1.0" encoding="UTF-8"?>
<!-- Generated by org.testng.reporters.JUnitXMLReporter -->
<testsuite ignored="0" hostname="Sowndarya" failures="2" tests="9" name="Test" time="0.231" errors="0" timestamp="2023-02-18T00:22:58 IST">
  <testcase classname="com.actitime.testScript.ProjectModule" name="createProject" time="0.02"/>
  <testcase classname="com.actitime.testScript.ProjectModule" name="deleteProject" time="0.008"/>
  <testcase classname="com.actitime.testScript.ProjectModule" name="modifyProject" time="0.003"/>
  <testcase classname="com.actitime.testScript.TaskModule" name="createTask" time="0.006"/>
  <testcase classname="com.actitime.testScript.TaskModule" name="deleteTask" time="0.011">
    <failure type="java.lang.AssertionError" message="null">
      <![CDATA[java.lang.AssertionError: null
at com.actitime.testScript.TaskModule.deleteTask(TaskModule.java:24)
at java.base/java.util.ArrayList.forEach(ArrayList.java:1511)
... Removed 27 stack frames]]>
    </failure>
  </testcase> <!-- deleteTask -->
  <testcase classname="com.actitime.testScript.TaskModule" name="modifyTask" time="0.004"/>
  <testcase classname="com.actitime.testScript.CustomerModule" name="createCustomer" time="0.003"/>
  <testcase classname="com.actitime.testScript.CustomerModule" name="deleteCustomer" time="0.011">
    <failure type="java.lang.AssertionError" message="null">
      <![CDATA[java.lang.AssertionError: null
at com.actitime.testScript.CustomerModule.deleteCustomer(CustomerModule.java:24)
at java.base/java.util.ArrayList.forEach(ArrayList.java:1511)
... Removed 27 stack frames]]>
    </failure>
  </testcase> <!-- deleteCustomer -->
  <testcase classname="com.actitime.testScript.CustomerModule" name="modifyCustomer" time="0.002"/>
</testsuite> <!-- Test -->
