<?xml version="1.0" encoding="UTF-8"?>
<testng-results ignored="0" total="1" passed="1" failed="0" skipped="0">
  <reporter-output>
  </reporter-output>
  <suite started-at="2023-02-18T11:39:14 IST" name="Default suite" finished-at="2023-02-18T11:39:31 IST" duration-ms="16363">
    <groups>
    </groups>
    <test started-at="2023-02-18T11:39:14 IST" name="Default test" finished-at="2023-02-18T11:39:31 IST" duration-ms="16363">
      <class name="com.actitime.testScript.LoginPage_Test">
        <test-method signature="ValidLogin()[pri:0, instance:com.actitime.testScript.LoginPage_Test@5bd03f44]" started-at="2023-02-18T11:39:14 IST" name="ValidLogin" finished-at="2023-02-18T11:39:31 IST" duration-ms="16291" status="PASS">
          <reporter-output>
          </reporter-output>
        </test-method> <!-- ValidLogin -->
      </class> <!-- com.actitime.testScript.LoginPage_Test -->
    </test> <!-- Default test -->
  </suite> <!-- Default suite -->
</testng-results>
